sample/build/outputs/logs/manifest-merger-debug-report.txt
-- Merging decision tree log ---
manifest
ADDED from src\main\AndroidManifest.xml:2:1-27:12
INJECTED from src\main\AndroidManifest.xml:2:1-27:12
INJECTED from src\main\AndroidManifest.xml:2:1-27:12
INJECTED from src\main\AndroidManifest.xml:2:1-27:12
MERGED from [:library] AndroidManifest.xml:2:1-18:12
MERGED from [com.android.support:appcompat-v7:27.1.1] AndroidManifest.xml:17:1-22:12
MERGED from [com.android.support:support-fragment:27.1.1] AndroidManifest.xml:17:1-22:12
MERGED from [com.android.support:animated-vector-drawable:27.1.1] AndroidManifest.xml:17:1-22:12
MERGED from [com.android.support:support-core-ui:27.1.1] AndroidManifest.xml:17:1-22:12
MERGED from [com.android.support:support-core-utils:27.1.1] AndroidManifest.xml:17:1-22:12
MERGED from [com.android.support:support-vector-drawable:27.1.1] AndroidManifest.xml:17:1-22:12
MERGED from [com.android.support:support-compat:27.1.1] AndroidManifest.xml:17:1-22:12
MERGED from [com.davemorrissey.labs:subsampling-scale-image-view:3.10.0] AndroidManifest.xml:2:1-11:12
MERGED from [android.arch.lifecycle:livedata-core:1.1.0] AndroidManifest.xml:17:1-22:12
MERGED from [android.arch.lifecycle:viewmodel:1.1.0] AndroidManifest.xml:17:1-22:12
MERGED from [android.arch.lifecycle:runtime:1.1.0] AndroidManifest.xml:17:1-22:12
MERGED from [android.arch.core:runtime:1.1.0] AndroidManifest.xml:17:1-22:12
INJECTED from src\main\AndroidManifest.xml:2:1-27:12
INJECTED from src\main\AndroidManifest.xml:2:1-27:12
INJECTED from src\main\AndroidManifest.xml:2:1-27:12
	package
		ADDED from src\main\AndroidManifest.xml:3:7-40
		INJECTED from src\main\AndroidManifest.xml
		INJECTED from src\main\AndroidManifest.xml
	android:versionName
		ADDED from src\main\AndroidManifest.xml:5:7-32
		INJECTED from src\main\AndroidManifest.xml
		INJECTED from src\main\AndroidManifest.xml
	xmlns:android
		ADDED from src\main\AndroidManifest.xml:2:11-69
	android:versionCode
		ADDED from src\main\AndroidManifest.xml:4:7-30
		INJECTED from src\main\AndroidManifest.xml
		INJECTED from src\main\AndroidManifest.xml
uses-permission#android.permission.INTERNET
ADDED from src\main\AndroidManifest.xml:7:5-67
	android:name
		ADDED from src\main\AndroidManifest.xml:7:22-64
uses-permission#android.permission.WRITE_EXTERNAL_STORAGE
ADDED from src\main\AndroidManifest.xml:8:5-81
	android:name
		ADDED from src\main\AndroidManifest.xml:8:22-78
uses-permission#android.permission.READ_EXTERNAL_STORAGE
ADDED from src\main\AndroidManifest.xml:9:5-80
	android:name
		ADDED from src\main\AndroidManifest.xml:9:22-77
application
ADDED from src\main\AndroidManifest.xml:11:5-26:19
MERGED from [:library] AndroidManifest.xml:11:5-16:19
MERGED from [:library] AndroidManifest.xml:11:5-16:19
	android:label
		ADDED from src\main\AndroidManifest.xml:11:18-50
	android:name
		ADDED from src\main\AndroidManifest.xml:12:18-71
activity#sample.kingja.pdfsir.MainActivity
ADDED from src\main\AndroidManifest.xml:13:9-20:20
	android:label
		ADDED from src\main\AndroidManifest.xml:14:19-51
	android:theme
		ADDED from src\main\AndroidManifest.xml:15:19-82
	android:name
		ADDED from src\main\AndroidManifest.xml:13:19-67
intent-filter#android.intent.action.MAIN+android.intent.category.LAUNCHER
ADDED from src\main\AndroidManifest.xml:16:13-19:29
action#android.intent.action.MAIN
ADDED from src\main\AndroidManifest.xml:17:17-69
	android:name
		ADDED from src\main\AndroidManifest.xml:17:25-66
category#android.intent.category.LAUNCHER
ADDED from src\main\AndroidManifest.xml:18:17-77
	android:name
		ADDED from src\main\AndroidManifest.xml:18:27-74
activity#sample.kingja.pdfsir.AssetOnXMLActivity
ADDED from src\main\AndroidManifest.xml:21:9-139
	android:theme
		ADDED from src\main\AndroidManifest.xml:21:74-137
	android:name
		ADDED from src\main\AndroidManifest.xml:21:19-73
activity#sample.kingja.pdfsir.AssetOnSDActivity
ADDED from src\main\AndroidManifest.xml:22:9-138
	android:theme
		ADDED from src\main\AndroidManifest.xml:22:73-136
	android:name
		ADDED from src\main\AndroidManifest.xml:22:19-72
activity#sample.kingja.pdfsir.RemotePDFActivity
ADDED from src\main\AndroidManifest.xml:23:9-138
	android:theme
		ADDED from src\main\AndroidManifest.xml:23:73-136
	android:name
		ADDED from src\main\AndroidManifest.xml:23:19-72
activity#sample.kingja.pdfsir.ZoomablePDFActivityPhotoView
ADDED from src\main\AndroidManifest.xml:24:9-149
	android:theme
		ADDED from src\main\AndroidManifest.xml:24:84-147
	android:name
		ADDED from src\main\AndroidManifest.xml:24:19-83
activity#sample.kingja.pdfsir.PDFWithScaleActivity
ADDED from src\main\AndroidManifest.xml:25:9-141
	android:theme
		ADDED from src\main\AndroidManifest.xml:25:76-139
	android:name
		ADDED from src\main\AndroidManifest.xml:25:19-75
uses-sdk
INJECTED from src\main\AndroidManifest.xml reason: use-sdk injection requested
INJECTED from src\main\AndroidManifest.xml
INJECTED from src\main\AndroidManifest.xml
MERGED from [:library] AndroidManifest.xml:7:5-9:41
MERGED from [:library] AndroidManifest.xml:7:5-9:41
MERGED from [com.android.support:appcompat-v7:27.1.1] AndroidManifest.xml:20:5-44
MERGED from [com.android.support:appcompat-v7:27.1.1] AndroidManifest.xml:20:5-44
MERGED from [com.android.support:support-fragment:27.1.1] AndroidManifest.xml:20:5-44
MERGED from [com.android.support:support-fragment:27.1.1] AndroidManifest.xml:20:5-44
MERGED from [com.android.support:animated-vector-drawable:27.1.1] AndroidManifest.xml:20:5-44
MERGED from [com.android.support:animated-vector-drawable:27.1.1] AndroidManifest.xml:20:5-44
MERGED from [com.android.support:support-core-ui:27.1.1] AndroidManifest.xml:20:5-44
MERGED from [com.android.support:support-core-ui:27.1.1] AndroidManifest.xml:20:5-44
MERGED from [com.android.support:support-core-utils:27.1.1] AndroidManifest.xml:20:5-44
MERGED from [com.android.support:support-core-utils:27.1.1] AndroidManifest.xml:20:5-44
MERGED from [com.android.support:support-vector-drawable:27.1.1] AndroidManifest.xml:20:5-44
MERGED from [com.android.support:support-vector-drawable:27.1.1] AndroidManifest.xml:20:5-44
MERGED from [com.android.support:support-compat:27.1.1] AndroidManifest.xml:20:5-44
MERGED from [com.android.support:support-compat:27.1.1] AndroidManifest.xml:20:5-44
MERGED from [com.davemorrissey.labs:subsampling-scale-image-view:3.10.0] AndroidManifest.xml:7:5-9:41
MERGED from [com.davemorrissey.labs:subsampling-scale-image-view:3.10.0] AndroidManifest.xml:7:5-9:41
MERGED from [android.arch.lifecycle:livedata-core:1.1.0] AndroidManifest.xml:20:5-44
MERGED from [android.arch.lifecycle:livedata-core:1.1.0] AndroidManifest.xml:20:5-44
MERGED from [android.arch.lifecycle:viewmodel:1.1.0] AndroidManifest.xml:20:5-44
MERGED from [android.arch.lifecycle:viewmodel:1.1.0] AndroidManifest.xml:20:5-44
MERGED from [android.arch.lifecycle:runtime:1.1.0] AndroidManifest.xml:20:5-44
MERGED from [android.arch.lifecycle:runtime:1.1.0] AndroidManifest.xml:20:5-44
MERGED from [android.arch.core:runtime:1.1.0] AndroidManifest.xml:20:5-44
MERGED from [android.arch.core:runtime:1.1.0] AndroidManifest.xml:20:5-44
INJECTED from src\main\AndroidManifest.xml
INJECTED from src\main\AndroidManifest.xml
	android:targetSdkVersion
		INJECTED from src\main\AndroidManifest.xml
		ADDED from src\main\AndroidManifest.xml
		INJECTED from src\main\AndroidManifest.xml
	android:minSdkVersion
		INJECTED from src\main\AndroidManifest.xml
		ADDED from src\main\AndroidManifest.xml
		INJECTED from src\main\AndroidManifest.xml
service#com.kingja.pdfsir.service.CopyAssetService
ADDED from [:library] AndroidManifest.xml:12:9-15:19
	android:exported
		ADDED from [:library] AndroidManifest.xml:14:13-37
	android:name
		ADDED from [:library] AndroidManifest.xml:13:13-70